Sun Jan  4 23:45:21 CET 2026: Comenzando Organizacion
PDFs organizados
ZIPs organizados
Sun Jan  4 23:45:21 CET 2026: Organizacion Finalizada
Sun Jan  4 23:51:01 CET 2026: Comenzando Organizacion
PDFs organizados
ZIPs organizados
Sun Jan  4 23:51:01 CET 2026: Organizacion Finalizada
Mon Jan  5 12:49:09 PM CET 2026: Comenzando Organizacion
PDFs organizados
ZIPs organizados
Mon Jan  5 12:49:09 PM CET 2026: Organizacion Finalizada
Tue Jan  6 01:37:03 PM CET 2026: Comenzando Organizacion
PDFs organizados
ZIPs organizados
Tue Jan  6 01:37:03 PM CET 2026: Organizacion Finalizada
Wed Jan  7 12:36:43 PM CET 2026: Comenzando Organizacion
PDFs organizados
ZIPs organizados
Wed Jan  7 12:36:43 PM CET 2026: Organizacion Finalizada
Fri Jan  9 07:38:48 PM CET 2026: Comenzando Organizacion
PDFs organizados
ZIPs organizados
Fri Jan  9 07:38:48 PM CET 2026: Organizacion Finalizada
Sun Jan 11 06:38:20 PM CET 2026: Comenzando Organizacion
PDFs organizados
ZIPs organizados
Sun Jan 11 06:38:20 PM CET 2026: Organizacion Finalizada
Mon Jan 12 02:58:53 PM CET 2026: Comenzando Organizacion
PDFs organizados
ZIPs organizados
Mon Jan 12 02:58:53 PM CET 2026: Organizacion Finalizada
Tue Jan 13 06:39:54 PM CET 2026: Comenzando Organizacion
PDFs organizados
ZIPs organizados
Tue Jan 13 06:39:54 PM CET 2026: Organizacion Finalizada
Wed Jan 14 03:39:25 PM CET 2026: Comenzando Organizacion
PDFs organizados
ZIPs organizados
Wed Jan 14 03:39:25 PM CET 2026: Organizacion Finalizada
Fri Jan 16 12:15:03 AM CET 2026: Comenzando Organizacion
PDFs organizados
ZIPs organizados
Fri Jan 16 12:15:03 AM CET 2026: Organizacion Finalizada
Sat Jan 17 12:35:29 PM CET 2026: Comenzando Organizacion
PDFs organizados
ZIPs organizados
Sat Jan 17 12:35:29 PM CET 2026: Organizacion Finalizada
Sun Jan 18 07:12:14 PM CET 2026: Comenzando Organizacion
PDFs organizados
ZIPs organizados
Sun Jan 18 07:12:14 PM CET 2026: Organizacion Finalizada
Mon Jan 19 10:07:53 AM CET 2026: Comenzando Organizacion
PDFs organizados
ZIPs organizados
Mon Jan 19 10:07:53 AM CET 2026: Organizacion Finalizada
Tue Jan 20 10:38:51 AM CET 2026: Comenzando Organizacion
PDFs organizados
ZIPs organizados
Tue Jan 20 10:38:51 AM CET 2026: Organizacion Finalizada
Wed Jan 21 10:38:23 AM CET 2026: Comenzando Organizacion
PDFs organizados
ZIPs organizados
Wed Jan 21 10:38:23 AM CET 2026: Organizacion Finalizada
Thu Jan 22 08:40:09 AM CET 2026: Comenzando Organizacion
PDFs organizados
ZIPs organizados
Thu Jan 22 08:40:09 AM CET 2026: Organizacion Finalizada
Fri Jan 23 10:35:57 AM CET 2026: Comenzando Organizacion
PDFs organizados
ZIPs organizados
Fri Jan 23 10:35:57 AM CET 2026: Organizacion Finalizada
Sat Jan 24 10:44:47 PM CET 2026: Comenzando Organizacion
PDFs organizados
ZIPs organizados
Sat Jan 24 10:44:47 PM CET 2026: Organizacion Finalizada
Sun Jan 25 11:40:57 AM CET 2026: Comenzando Organizacion
PDFs organizados
ZIPs organizados
Sun Jan 25 11:40:57 AM CET 2026: Organizacion Finalizada
Mon Jan 26 10:48:51 AM CET 2026: Comenzando Organizacion
PDFs organizados
ZIPs organizados
Mon Jan 26 10:48:51 AM CET 2026: Organizacion Finalizada
Tue Jan 27 10:37:21 AM CET 2026: Comenzando Organizacion
PDFs organizados
ZIPs organizados
Tue Jan 27 10:37:21 AM CET 2026: Organizacion Finalizada
Wed Jan 28 12:38:53 PM CET 2026: Comenzando Organizacion
PDFs organizados
ZIPs organizados
Wed Jan 28 12:38:53 PM CET 2026: Organizacion Finalizada
Thu Jan 29 12:35:43 PM CET 2026: Comenzando Organizacion
PDFs organizados
ZIPs organizados
Thu Jan 29 12:35:43 PM CET 2026: Organizacion Finalizada
Fri Jan 30 09:41:35 AM CET 2026: Comenzando Organizacion
PDFs organizados
ZIPs organizados
Fri Jan 30 09:41:35 AM CET 2026: Organizacion Finalizada
Sat Jan 31 10:39:09 AM CET 2026: Comenzando Organizacion
PDFs organizados
ZIPs organizados
Sat Jan 31 10:39:09 AM CET 2026: Organizacion Finalizada
Sun Feb  1 09:38:42 PM CET 2026: Comenzando Organizacion
PDFs organizados
ZIPs organizados
Sun Feb  1 09:38:42 PM CET 2026: Organizacion Finalizada
Mon Feb  2 10:06:40 AM CET 2026: Comenzando Organizacion
PDFs organizados
ZIPs organizados
Mon Feb  2 10:06:40 AM CET 2026: Organizacion Finalizada
